<?xml version="1.0" encoding="UTF-8"?>
<!-- Generated by org.testng.reporters.JUnitReportReporter -->
<testsuite hostname="DESKTOP-1L4S8NM" failures="0" tests="5" name="com.seleniumtest1.seleniumtest1.amazondemo" time="33.338" errors="0" timestamp="2021-09-08T15:36:31 IST" skipped="0">
  <testcase classname="com.seleniumtest1.seleniumtest1.amazondemo" name="testJbkTitle" time="9.453"/>
  <system-out/>
  <testcase classname="com.seleniumtest1.seleniumtest1.amazondemo" name="testJbkTitleInvalid" time="0.903"/>
  <system-out/>
  <testcase classname="com.seleniumtest1.seleniumtest1.amazondemo" name="testJbkTitlesubmit" time="11.780"/>
  <system-out/>
  <testcase classname="com.seleniumtest1.seleniumtest1.amazondemo" name="testJbkTitlecheck" time="0.648"/>
  <system-out/>
  <testcase classname="com.seleniumtest1.seleniumtest1.amazondemo" name="testJbkTitlescroll" time="10.554"/>
  <system-out/>
</testsuite> <!-- com.seleniumtest1.seleniumtest1.amazondemo -->
