<?xml version="1.0" encoding="UTF-8"?>
<!-- Generated by org.testng.reporters.JUnitReportReporter -->
<testsuite hostname="DESKTOP-1L4S8NM" failures="0" tests="1" name="com.seleniumtest1.seleniumtest1.googledemo" time="12.072" errors="0" timestamp="2021-09-08T15:36:31 IST" skipped="0">
  <testcase classname="com.seleniumtest1.seleniumtest1.googledemo" name="testJbkTitle" time="12.072"/>
  <system-out/>
</testsuite> <!-- com.seleniumtest1.seleniumtest1.googledemo -->
